Distributed Airbnb Rental System/FrontendFinal/app/build/intermediates/manifest_merge_blame_file/debug/processDebugMainManifest/manifest-merger-blame-debug-report.txt
1<?xml version="1.0" encoding="utf-8"?>
2<manifest xmlns:android="http://schemas.android.com/apk/res/android"
3    package="com.example.frontend"
4    android:versionCode="1"
5    android:versionName="1.0" >
6
7    <uses-sdk
8        android:minSdkVersion="26"
9        android:targetSdkVersion="34" />
10
11    <uses-permission android:name="android.permission.INTERNET" />
11-->src/main/AndroidManifest.xml:5:5-67
11-->src/main/AndroidManifest.xml:5:22-64
12
13    <permission
13-->[androidx.core:core:1.9.0] AndroidManifest.xml:22:5-24:47
14        android:name="com.example.frontend.DYNAMIC_RECEIVER_NOT_EXPORTED_PERMISSION"
14-->[androidx.core:core:1.9.0] AndroidManifest.xml:23:9-81
15        android:protectionLevel="signature" />
15-->[androidx.core:core:1.9.0] AndroidManifest.xml:24:9-44
16
17    <uses-permission android:name="com.example.frontend.DYNAMIC_RECEIVER_NOT_EXPORTED_PERMISSION" />
17-->[androidx.core:core:1.9.0] AndroidManifest.xml:26:5-97
17-->[androidx.core:core:1.9.0] AndroidManifest.xml:26:22-94
18
19    <application
19-->src/main/AndroidManifest.xml:7:5-38:19
20        android:allowBackup="true"
20-->src/main/AndroidManifest.xml:8:9-35
21        android:appComponentFactory="androidx.core.app.CoreComponentFactory"
21-->[androidx.core:core:1.9.0] AndroidManifest.xml:28:18-86
22        android:dataExtractionRules="@xml/data_extraction_rules"
22-->src/main/AndroidManifest.xml:9:9-65
23        android:debuggable="true"
24        android:extractNativeLibs="false"
25        android:fullBackupContent="@xml/backup_rules"
25-->src/main/AndroidManifest.xml:10:9-54
26        android:icon="@mipmap/ic_launcher"
26-->src/main/AndroidManifest.xml:11:9-43
27        android:label="@string/app_name"
27-->src/main/AndroidManifest.xml:12:9-41
28        android:roundIcon="@mipmap/ic_launcher_round"
28-->src/main/AndroidManifest.xml:13:9-54
29        android:supportsRtl="true"
29-->src/main/AndroidManifest.xml:14:9-35
30        android:testOnly="true"
31        android:theme="@style/Theme.AppFrontend" >
31-->src/main/AndroidManifest.xml:15:9-49
32        <activity
32-->src/main/AndroidManifest.xml:17:9-25:20
33            android:name="com.example.frontend.LoginActivity"
33-->src/main/AndroidManifest.xml:18:13-42
34            android:exported="true" >
34-->src/main/AndroidManifest.xml:19:13-36
35            <intent-filter>
35-->src/main/AndroidManifest.xml:20:13-24:29
36                <action android:name="android.intent.action.MAIN" />
36-->src/main/AndroidManifest.xml:21:17-69
36-->src/main/AndroidManifest.xml:21:25-66
37
38                <category android:name="android.intent.category.LAUNCHER" />
38-->src/main/AndroidManifest.xml:23:17-77
38-->src/main/AndroidManifest.xml:23:27-74
39            </intent-filter>
40        </activity>
41        <activity
41-->src/main/AndroidManifest.xml:26:9-28:40
42            android:name="com.example.frontend.BookRateActivity"
42-->src/main/AndroidManifest.xml:27:13-45
43            android:exported="false" />
43-->src/main/AndroidManifest.xml:28:13-37
44        <activity
44-->src/main/AndroidManifest.xml:29:9-32:15
45            android:name="com.example.frontend.ResultsActivity"
45-->src/main/AndroidManifest.xml:30:13-44
46            android:exported="false" />
46-->src/main/AndroidManifest.xml:31:13-37
47        <activity
47-->src/main/AndroidManifest.xml:34:9-37:20
48            android:name="com.example.frontend.MainActivity"
48-->src/main/AndroidManifest.xml:35:13-41
49            android:exported="true" >
49-->src/main/AndroidManifest.xml:36:13-36
50        </activity>
51
52        <provider
52-->[androidx.emoji2:emoji2:1.2.0] AndroidManifest.xml:24:9-32:20
53            android:name="androidx.startup.InitializationProvider"
53-->[androidx.emoji2:emoji2:1.2.0] AndroidManifest.xml:25:13-67
54            android:authorities="com.example.frontend.androidx-startup"
54-->[androidx.emoji2:emoji2:1.2.0] AndroidManifest.xml:26:13-68
55            android:exported="false" >
55-->[androidx.emoji2:emoji2:1.2.0] AndroidManifest.xml:27:13-37
56            <meta-data
56-->[androidx.emoji2:emoji2:1.2.0] AndroidManifest.xml:29:13-31:52
57                android:name="androidx.emoji2.text.EmojiCompatInitializer"
57-->[androidx.emoji2:emoji2:1.2.0] AndroidManifest.xml:30:17-75
58                android:value="androidx.startup" />
58-->[androidx.emoji2:emoji2:1.2.0] AndroidManifest.xml:31:17-49
59            <meta-data
59-->[androidx.lifecycle:lifecycle-process:2.6.1] AndroidManifest.xml:29:13-31:52
60                android:name="androidx.lifecycle.ProcessLifecycleInitializer"
60-->[androidx.lifecycle:lifecycle-process:2.6.1] AndroidManifest.xml:30:17-78
61                android:value="androidx.startup" />
61-->[androidx.lifecycle:lifecycle-process:2.6.1] AndroidManifest.xml:31:17-49
62            <meta-data
62-->[androidx.profileinstaller:profileinstaller:1.3.0] AndroidManifest.xml:29:13-31:52
63                android:name="androidx.profileinstaller.ProfileInstallerInitializer"
63-->[androidx.profileinstaller:profileinstaller:1.3.0] AndroidManifest.xml:30:17-85
64                android:value="androidx.startup" />
64-->[androidx.profileinstaller:profileinstaller:1.3.0] AndroidManifest.xml:31:17-49
65        </provider>
66
67        <receiver
67-->[androidx.profileinstaller:profileinstaller:1.3.0] AndroidManifest.xml:34:9-52:20
68            android:name="androidx.profileinstaller.ProfileInstallReceiver"
68-->[androidx.profileinstaller:profileinstaller:1.3.0] AndroidManifest.xml:35:13-76
69            android:directBootAware="false"
69-->[androidx.profileinstaller:profileinstaller:1.3.0] AndroidManifest.xml:36:13-44
70            android:enabled="true"
70-->[androidx.profileinstaller:profileinstaller:1.3.0] AndroidManifest.xml:37:13-35
71            android:exported="true"
71-->[androidx.profileinstaller:profileinstaller:1.3.0] AndroidManifest.xml:38:13-36
72            android:permission="android.permission.DUMP" >
72-->[androidx.profileinstaller:profileinstaller:1.3.0] AndroidManifest.xml:39:13-57
73            <intent-filter>
73-->[androidx.profileinstaller:profileinstaller:1.3.0] AndroidManifest.xml:40:13-42:29
74                <action android:name="androidx.profileinstaller.action.INSTALL_PROFILE" />
74-->[androidx.profileinstaller:profileinstaller:1.3.0] AndroidManifest.xml:41:17-91
74-->[androidx.profileinstaller:profileinstaller:1.3.0] AndroidManifest.xml:41:25-88
75            </intent-filter>
76            <intent-filter>
76-->[androidx.profileinstaller:profileinstaller:1.3.0] AndroidManifest.xml:43:13-45:29
77                <action android:name="androidx.profileinstaller.action.SKIP_FILE" />
77-->[androidx.profileinstaller:profileinstaller:1.3.0] AndroidManifest.xml:44:17-85
77-->[androidx.profileinstaller:profileinstaller:1.3.0] AndroidManifest.xml:44:25-82
78            </intent-filter>
79            <intent-filter>
79-->[androidx.profileinstaller:profileinstaller:1.3.0] AndroidManifest.xml:46:13-48:29
80                <action android:name="androidx.profileinstaller.action.SAVE_PROFILE" />
80-->[androidx.profileinstaller:profileinstaller:1.3.0] AndroidManifest.xml:47:17-88
80-->[androidx.profileinstaller:profileinstaller:1.3.0] AndroidManifest.xml:47:25-85
81            </intent-filter>
82            <intent-filter>
82-->[androidx.profileinstaller:profileinstaller:1.3.0] AndroidManifest.xml:49:13-51:29
83                <action android:name="androidx.profileinstaller.action.BENCHMARK_OPERATION" />
83-->[androidx.profileinstaller:profileinstaller:1.3.0] AndroidManifest.xml:50:17-95
83-->[androidx.profileinstaller:profileinstaller:1.3.0] AndroidManifest.xml:50:25-92
84            </intent-filter>
85        </receiver>
86    </application>
87
88</manifest>